<?xml version="1.0" encoding="UTF-8"?>
<!-- Generated by org.testng.reporters.JUnitXMLReporter -->
<testsuite ignored="0" hostname="DESKTOP-A0UU002" failures="0" tests="4" name="Test" time="38.165" errors="0" timestamp="2025-04-22T12:23:15 IST">
  <testcase classname="docker_pac1.ChromeClass1" name="test1" time="10.63"/>
  <testcase classname="docker_pac1.ChromeClass2" name="test2" time="13.904"/>
  <testcase classname="docker_pac1.EdgeClass3" name="test3" time="15.485"/>
  <testcase classname="docker_pac1.FirefoxClass4" name="test4" time="17.755"/>
</testsuite> <!-- Test -->
