<?xml version="1.0" encoding="UTF-8"?>
<testng-results ignored="0" total="4" passed="4" failed="0" skipped="0">
  <reporter-output>
  </reporter-output>
  <suite started-at="2025-04-22T12:22:37 IST" name="Suite" finished-at="2025-04-22T12:23:15 IST" duration-ms="38165">
    <groups>
    </groups>
    <test started-at="2025-04-22T12:22:37 IST" name="Test" finished-at="2025-04-22T12:23:15 IST" duration-ms="38165">
      <class name="docker_pac1.Setup_DockerGrid">
        <test-method is-config="true" signature="startDockerGrid()[pri:0, instance:docker_pac1.Setup_DockerGrid@682b2fa]" started-at="2025-04-22T12:22:37 IST" name="startDockerGrid" finished-at="2025-04-22T12:22:52 IST" duration-ms="15045" status="PASS">
          <reporter-output>
          </reporter-output>
        </test-method> <!-- startDockerGrid -->
        <test-method is-config="true" signature="stopDockerGrid()[pri:0, instance:docker_pac1.Setup_DockerGrid@682b2fa]" started-at="2025-04-22T12:23:10 IST" name="stopDockerGrid" finished-at="2025-04-22T12:23:15 IST" duration-ms="5160" status="PASS">
          <reporter-output>
          </reporter-output>
        </test-method> <!-- stopDockerGrid -->
      </class> <!-- docker_pac1.Setup_DockerGrid -->
      <class name="docker_pac1.ChromeClass2">
        <test-method signature="test2()[pri:0, instance:docker_pac1.ChromeClass2@1a677343]" started-at="2025-04-22T12:22:52 IST" name="test2" finished-at="2025-04-22T12:23:06 IST" duration-ms="13904" status="PASS">
          <reporter-output>
          </reporter-output>
        </test-method> <!-- test2 -->
      </class> <!-- docker_pac1.ChromeClass2 -->
      <class name="docker_pac1.FirefoxClass4">
        <test-method signature="test4()[pri:0, instance:docker_pac1.FirefoxClass4@489115ef]" started-at="2025-04-22T12:22:52 IST" name="test4" finished-at="2025-04-22T12:23:10 IST" duration-ms="17755" status="PASS">
          <reporter-output>
          </reporter-output>
        </test-method> <!-- test4 -->
      </class> <!-- docker_pac1.FirefoxClass4 -->
      <class name="docker_pac1.ChromeClass1">
        <test-method signature="test1()[pri:0, instance:docker_pac1.ChromeClass1@6ed3ccb2]" started-at="2025-04-22T12:22:52 IST" name="test1" finished-at="2025-04-22T12:23:03 IST" duration-ms="10630" status="PASS">
          <reporter-output>
          </reporter-output>
        </test-method> <!-- test1 -->
      </class> <!-- docker_pac1.ChromeClass1 -->
      <class name="docker_pac1.EdgeClass3">
        <test-method signature="test3()[pri:0, instance:docker_pac1.EdgeClass3@15de0b3c]" started-at="2025-04-22T12:22:52 IST" name="test3" finished-at="2025-04-22T12:23:08 IST" duration-ms="15485" status="PASS">
          <reporter-output>
          </reporter-output>
        </test-method> <!-- test3 -->
      </class> <!-- docker_pac1.EdgeClass3 -->
    </test> <!-- Test -->
  </suite> <!-- Suite -->
</testng-results>
