<?xml version="1.0" encoding="UTF-8"?>
<testsuite xmlns:xsi="http://www.w3.org/2001/XMLSchema-instance" xsi:noNamespaceSchemaLocation="https://maven.apache.org/surefire/maven-surefire-plugin/xsd/surefire-test-report.xsd" version="3.0.2" name="TestSuite" time="35.623" tests="4" errors="0" skipped="0" failures="0">
  <properties>
[...]
</properties>
  <testcase name="test2" classname="docker_pac1.ChromeClass2" time="8.889">
    <system-out><![CDATA[Title of the page:nopCommerce demo store. Home page title
]]></system-out>
    <system-err><![CDATA[SLF4J: Failed to load class "org.slf4j.impl.StaticLoggerBinder".
SLF4J: Defaulting to no-operation (NOP) logger implementation
SLF4J: See http://www.slf4j.org/codes.html#StaticLoggerBinder for further details.
Apr 22, 2025 3:39:00 PM org.openqa.selenium.remote.tracing.opentelemetry.OpenTelemetryTracer createTracer
INFO: Using OpenTelemetry for tracing
]]></system-err>
  </testcase>
  <testcase name="test3" classname="docker_pac1.EdgeClass3" time="10.662">
    <system-out><![CDATA[Title of the page:Automation Testing Practice
]]></system-out>
  </testcase>
  <testcase name="test1" classname="docker_pac1.ChromeClass1" time="13.947">
    <system-out><![CDATA[Title of the page:BlazeDemo
Title of the page:OrangeHRM
]]></system-out>
  </testcase>
  <testcase name="test4" classname="docker_pac1.FirefoxClass4" time="14.298"/>
</testsuite>