<?xml version="1.0" encoding="UTF-8"?>
<testng-results ignored="0" total="4" passed="4" failed="0" skipped="0">
  <reporter-output>
  </reporter-output>
  <suite started-at="2025-04-22T15:38:45 IST" name="Suite" finished-at="2025-04-22T15:39:19 IST" duration-ms="34474">
    <groups>
    </groups>
    <test started-at="2025-04-22T15:38:45 IST" name="Test" finished-at="2025-04-22T15:39:19 IST" duration-ms="34474">
      <class name="docker_pac1.Setup_DockerGrid">
        <test-method is-config="true" signature="startDockerGrid()[pri:0, instance:docker_pac1.Setup_DockerGrid@6fc7e828]" started-at="2025-04-22T15:38:45 IST" name="startDockerGrid" finished-at="2025-04-22T15:39:00 IST" duration-ms="15036" status="PASS">
          <reporter-output>
          </reporter-output>
        </test-method> <!-- startDockerGrid -->
        <test-method is-config="true" signature="stopDockerGrid()[pri:0, instance:docker_pac1.Setup_DockerGrid@6fc7e828]" started-at="2025-04-22T15:39:14 IST" name="stopDockerGrid" finished-at="2025-04-22T15:39:19 IST" duration-ms="5072" status="PASS">
          <reporter-output>
          </reporter-output>
        </test-method> <!-- stopDockerGrid -->
      </class> <!-- docker_pac1.Setup_DockerGrid -->
      <class name="docker_pac1.ChromeClass2">
        <test-method signature="test2()[pri:0, instance:docker_pac1.ChromeClass2@4805069b]" started-at="2025-04-22T15:39:00 IST" name="test2" finished-at="2025-04-22T15:39:09 IST" duration-ms="8890" status="PASS">
          <reporter-output>
          </reporter-output>
        </test-method> <!-- test2 -->
      </class> <!-- docker_pac1.ChromeClass2 -->
      <class name="docker_pac1.FirefoxClass4">
        <test-method signature="test4()[pri:0, instance:docker_pac1.FirefoxClass4@f01fc6d]" started-at="2025-04-22T15:39:00 IST" name="test4" finished-at="2025-04-22T15:39:14 IST" duration-ms="14301" status="PASS">
          <reporter-output>
          </reporter-output>
        </test-method> <!-- test4 -->
      </class> <!-- docker_pac1.FirefoxClass4 -->
      <class name="docker_pac1.ChromeClass1">
        <test-method signature="test1()[pri:0, instance:docker_pac1.ChromeClass1@2b058bfd]" started-at="2025-04-22T15:39:00 IST" name="test1" finished-at="2025-04-22T15:39:14 IST" duration-ms="13952" status="PASS">
          <reporter-output>
          </reporter-output>
        </test-method> <!-- test1 -->
      </class> <!-- docker_pac1.ChromeClass1 -->
      <class name="docker_pac1.EdgeClass3">
        <test-method signature="test3()[pri:0, instance:docker_pac1.EdgeClass3@14ca88bc]" started-at="2025-04-22T15:39:00 IST" name="test3" finished-at="2025-04-22T15:39:10 IST" duration-ms="10667" status="PASS">
          <reporter-output>
          </reporter-output>
        </test-method> <!-- test3 -->
      </class> <!-- docker_pac1.EdgeClass3 -->
    </test> <!-- Test -->
  </suite> <!-- Suite -->
</testng-results>
